2019-04-07 11:12:22,945 [main] INFO  c.e.b.e.user.EgbootUserApplication 50 - Starting EgbootUserApplication on DESKTOP-6KL1BNP with PID 8512 (I:\IdeaProjects\springboot-everythinggrows\egboot-user\target\classes started by MA in I:\IdeaProjects\springboot-everythinggrows\egboot-user)
2019-04-07 11:12:22,945 [main] INFO  c.e.b.e.user.EgbootUserApplication 675 - No active profile set, falling back to default profiles: default
2019-04-07 11:12:24,099 [main] WARN  o.m.s.mapper.ClassPathMapperScanner 44 - No MyBatis mapper was found in '[cn.everythinggrows.boot.egboot.user]' package. Please check your configuration.
2019-04-07 11:12:24,164 [main] INFO  o.s.d.r.c.RepositoryConfigurationDelegate 244 - Multiple Spring Data modules found, entering strict repository configuration mode!
2019-04-07 11:12:24,179 [main] INFO  o.s.d.r.c.RepositoryConfigurationDelegate 126 - Bootstrapping Spring Data repositories in DEFAULT mode.
2019-04-07 11:12:24,195 [main] INFO  o.s.d.r.c.RepositoryConfigurationDelegate 182 - Finished Spring Data repository scanning in 16ms. Found 0 repository interfaces.
2019-04-07 11:12:24,211 [main] INFO  o.s.d.r.c.RepositoryConfigurationDelegate 244 - Multiple Spring Data modules found, entering strict repository configuration mode!
2019-04-07 11:12:24,211 [main] INFO  o.s.d.r.c.RepositoryConfigurationDelegate 126 - Bootstrapping Spring Data repositories in DEFAULT mode.
2019-04-07 11:12:24,226 [main] INFO  o.s.d.r.c.RepositoryConfigurationDelegate 182 - Finished Spring Data repository scanning in 0ms. Found 0 repository interfaces.
2019-04-07 11:12:24,602 [main] INFO  o.s.c.s.PostProcessorRegistrationDelegate$BeanPostProcessorChecker 330 - Bean 'org.springframework.transaction.annotation.ProxyTransactionManagementConfiguration' of type [org.springframework.transaction.annotation.ProxyTransactionManagementConfiguration$$EnhancerBySpringCGLIB$$b85d0d67] is not eligible for getting processed by all BeanPostProcessors (for example: not eligible for auto-proxying)
2019-04-07 11:12:25,753 [main] INFO  o.s.b.w.e.tomcat.TomcatWebServer 90 - Tomcat initialized with port(s): 8083 (http)
2019-04-07 11:12:25,781 [main] INFO  o.a.coyote.http11.Http11NioProtocol 173 - Initializing ProtocolHandler ["http-nio-8083"]
2019-04-07 11:12:25,793 [main] INFO  o.a.catalina.core.StandardService 173 - Starting service [Tomcat]
2019-04-07 11:12:25,794 [main] INFO  o.a.catalina.core.StandardEngine 173 - Starting Servlet engine: [Apache Tomcat/9.0.16]
2019-04-07 11:12:25,802 [main] INFO  o.a.c.core.AprLifecycleListener 173 - The APR based Apache Tomcat Native library which allows optimal performance in production environments was not found on the java.library.path: [C:\Program Files\Java\jdk1.8.0_161\bin;C:\WINDOWS\Sun\Java\bin;C:\WINDOWS\system32;C:\WINDOWS;D:\software\xshell\;C:\ProgramData\Oracle\Java\javapath;C:\WINDOWS\system32;C:\WINDOWS;C:\WINDOWS\System32\Wbem;C:\WINDOWS\System32\WindowsPowerShell\v1.0\;C:\Program Files\Git\cmd;C:\WINDOWS\System32\OpenSSH\;I:\redis\;I:\zookepper\zookeeper-3.3.6\bin;I:\zookepper\zookeeper-3.3.6\conf;D:\software\edius\EDIUS 9\QTSystem\;C:\Program Files\MySQL\MySQL Server 5.5\bin;C:\Users\MA\AppData\Local\Microsoft\WindowsApps;;.]
2019-04-07 11:12:27,356 [main] INFO  o.a.c.c.C.[Tomcat].[localhost].[/] 173 - Initializing Spring embedded WebApplicationContext
2019-04-07 11:12:27,356 [main] INFO  o.s.web.context.ContextLoader 296 - Root WebApplicationContext: initialization completed in 4338 ms
2019-04-07 11:12:29,150 [main] INFO  c.alibaba.druid.pool.DruidDataSource 928 - {dataSource-1} inited
2019-04-07 11:12:29,436 [main] INFO  o.h.jpa.internal.util.LogHelper 31 - HHH000204: Processing PersistenceUnitInfo [
	name: default
	...]
2019-04-07 11:12:29,674 [main] INFO  org.hibernate.Version 46 - HHH000412: Hibernate Core {5.3.7.Final}
2019-04-07 11:12:29,677 [main] INFO  org.hibernate.cfg.Environment 213 - HHH000206: hibernate.properties not found
2019-04-07 11:12:30,001 [main] INFO  o.h.annotations.common.Version 49 - HCANN000001: Hibernate Commons Annotations {5.0.4.Final}
2019-04-07 11:12:30,333 [main] INFO  org.hibernate.dialect.Dialect 157 - HHH000400: Using dialect: org.hibernate.dialect.MySQL5Dialect
2019-04-07 11:12:30,833 [main] INFO  o.s.o.j.LocalContainerEntityManagerFactoryBean 415 - Initialized JPA EntityManagerFactory for persistence unit 'default'
2019-04-07 11:12:32,359 [main] INFO  o.s.s.c.ThreadPoolTaskExecutor 171 - Initializing ExecutorService 'applicationTaskExecutor'
2019-04-07 11:12:32,463 [main] WARN  o.s.b.a.o.j.JpaBaseConfiguration$JpaWebConfiguration$JpaWebMvcConfiguration 236 - spring.jpa.open-in-view is enabled by default. Therefore, database queries may be performed during view rendering. Explicitly configure spring.jpa.open-in-view to disable this warning
2019-04-07 11:12:33,696 [main] INFO  o.a.coyote.http11.Http11NioProtocol 173 - Starting ProtocolHandler ["http-nio-8083"]
2019-04-07 11:12:33,735 [main] INFO  o.s.b.w.e.tomcat.TomcatWebServer 204 - Tomcat started on port(s): 8083 (http) with context path ''
2019-04-07 11:12:33,739 [main] INFO  c.e.b.e.user.EgbootUserApplication 59 - Started EgbootUserApplication in 11.853 seconds (JVM running for 14.019)
2019-04-07 11:17:31,407 [main] INFO  c.e.b.e.user.EgbootUserApplication 50 - Starting EgbootUserApplication on DESKTOP-6KL1BNP with PID 1616 (I:\IdeaProjects\springboot-everythinggrows\egboot-user\target\classes started by MA in I:\IdeaProjects\springboot-everythinggrows\egboot-user)
2019-04-07 11:17:31,413 [main] INFO  c.e.b.e.user.EgbootUserApplication 675 - No active profile set, falling back to default profiles: default
2019-04-07 11:17:32,963 [main] WARN  o.m.s.mapper.ClassPathMapperScanner 44 - No MyBatis mapper was found in '[cn.everythinggrows.boot.egboot.user]' package. Please check your configuration.
2019-04-07 11:17:33,060 [main] INFO  o.s.d.r.c.RepositoryConfigurationDelegate 244 - Multiple Spring Data modules found, entering strict repository configuration mode!
2019-04-07 11:17:33,060 [main] INFO  o.s.d.r.c.RepositoryConfigurationDelegate 126 - Bootstrapping Spring Data repositories in DEFAULT mode.
2019-04-07 11:17:33,089 [main] INFO  o.s.d.r.c.RepositoryConfigurationDelegate 182 - Finished Spring Data repository scanning in 16ms. Found 0 repository interfaces.
2019-04-07 11:17:33,172 [main] INFO  o.s.d.r.c.RepositoryConfigurationDelegate 244 - Multiple Spring Data modules found, entering strict repository configuration mode!
2019-04-07 11:17:33,173 [main] INFO  o.s.d.r.c.RepositoryConfigurationDelegate 126 - Bootstrapping Spring Data repositories in DEFAULT mode.
2019-04-07 11:17:33,197 [main] INFO  o.s.d.r.c.RepositoryConfigurationDelegate 182 - Finished Spring Data repository scanning in 7ms. Found 0 repository interfaces.
2019-04-07 11:17:33,709 [main] INFO  o.s.c.s.PostProcessorRegistrationDelegate$BeanPostProcessorChecker 330 - Bean 'org.springframework.transaction.annotation.ProxyTransactionManagementConfiguration' of type [org.springframework.transaction.annotation.ProxyTransactionManagementConfiguration$$EnhancerBySpringCGLIB$$4cae0ec7] is not eligible for getting processed by all BeanPostProcessors (for example: not eligible for auto-proxying)
2019-04-07 11:17:34,046 [main] INFO  o.s.b.w.e.tomcat.TomcatWebServer 90 - Tomcat initialized with port(s): 8083 (http)
2019-04-07 11:17:34,063 [main] INFO  o.a.coyote.http11.Http11NioProtocol 173 - Initializing ProtocolHandler ["http-nio-8083"]
2019-04-07 11:17:34,073 [main] INFO  o.a.catalina.core.StandardService 173 - Starting service [Tomcat]
2019-04-07 11:17:34,073 [main] INFO  o.a.catalina.core.StandardEngine 173 - Starting Servlet engine: [Apache Tomcat/9.0.16]
2019-04-07 11:17:34,080 [main] INFO  o.a.c.core.AprLifecycleListener 173 - The APR based Apache Tomcat Native library which allows optimal performance in production environments was not found on the java.library.path: [C:\Program Files\Java\jdk1.8.0_161\bin;C:\WINDOWS\Sun\Java\bin;C:\WINDOWS\system32;C:\WINDOWS;D:\software\xshell\;C:\ProgramData\Oracle\Java\javapath;C:\WINDOWS\system32;C:\WINDOWS;C:\WINDOWS\System32\Wbem;C:\WINDOWS\System32\WindowsPowerShell\v1.0\;C:\Program Files\Git\cmd;C:\WINDOWS\System32\OpenSSH\;I:\redis\;I:\zookepper\zookeeper-3.3.6\bin;I:\zookepper\zookeeper-3.3.6\conf;D:\software\edius\EDIUS 9\QTSystem\;C:\Program Files\MySQL\MySQL Server 5.5\bin;C:\Users\MA\AppData\Local\Microsoft\WindowsApps;;.]
2019-04-07 11:17:34,427 [main] INFO  o.a.c.c.C.[Tomcat].[localhost].[/] 173 - Initializing Spring embedded WebApplicationContext
2019-04-07 11:17:34,428 [main] INFO  o.s.web.context.ContextLoader 296 - Root WebApplicationContext: initialization completed in 2925 ms
2019-04-07 11:17:34,780 [main] INFO  c.alibaba.druid.pool.DruidDataSource 928 - {dataSource-1} inited
2019-04-07 11:17:34,908 [main] INFO  o.h.jpa.internal.util.LogHelper 31 - HHH000204: Processing PersistenceUnitInfo [
	name: default
	...]
2019-04-07 11:17:34,967 [main] INFO  org.hibernate.Version 46 - HHH000412: Hibernate Core {5.3.7.Final}
2019-04-07 11:17:34,968 [main] INFO  org.hibernate.cfg.Environment 213 - HHH000206: hibernate.properties not found
2019-04-07 11:17:35,083 [main] INFO  o.h.annotations.common.Version 49 - HCANN000001: Hibernate Commons Annotations {5.0.4.Final}
2019-04-07 11:17:35,219 [main] INFO  org.hibernate.dialect.Dialect 157 - HHH000400: Using dialect: org.hibernate.dialect.MySQL5Dialect
2019-04-07 11:17:35,373 [main] INFO  o.s.o.j.LocalContainerEntityManagerFactoryBean 415 - Initialized JPA EntityManagerFactory for persistence unit 'default'
2019-04-07 11:17:35,797 [main] INFO  o.s.s.c.ThreadPoolTaskExecutor 171 - Initializing ExecutorService 'applicationTaskExecutor'
2019-04-07 11:17:35,837 [main] WARN  o.s.b.a.o.j.JpaBaseConfiguration$JpaWebConfiguration$JpaWebMvcConfiguration 236 - spring.jpa.open-in-view is enabled by default. Therefore, database queries may be performed during view rendering. Explicitly configure spring.jpa.open-in-view to disable this warning
2019-04-07 11:17:36,391 [main] INFO  o.a.coyote.http11.Http11NioProtocol 173 - Starting ProtocolHandler ["http-nio-8083"]
2019-04-07 11:17:36,443 [main] INFO  o.s.b.w.e.tomcat.TomcatWebServer 204 - Tomcat started on port(s): 8083 (http) with context path ''
2019-04-07 11:17:36,446 [main] INFO  c.e.b.e.user.EgbootUserApplication 59 - Started EgbootUserApplication in 6.108 seconds (JVM running for 9.35)
2019-04-07 11:18:04,058 [http-nio-8083-exec-4] INFO  o.a.c.c.C.[Tomcat].[localhost].[/] 173 - Initializing Spring DispatcherServlet 'dispatcherServlet'
2019-04-07 11:18:04,058 [http-nio-8083-exec-4] INFO  o.s.web.servlet.DispatcherServlet 524 - Initializing Servlet 'dispatcherServlet'
2019-04-07 11:18:04,065 [http-nio-8083-exec-4] INFO  o.s.web.servlet.DispatcherServlet 546 - Completed initialization in 7 ms
2019-04-07 11:18:09,666 [http-nio-8083-exec-4] INFO  c.e.b.e.user.service.UserAccountImpl 80 - 1020854430@qq.com邮件发送成功============================
2019-04-07 11:18:39,007 [http-nio-8083-exec-3] INFO  c.alibaba.druid.pool.DruidDataSource 928 - {dataSource-2} inited
2019-04-07 11:19:16,333 [http-nio-8083-exec-5] INFO  c.alibaba.druid.pool.DruidDataSource 928 - {dataSource-3} inited
2019-04-07 11:21:58,328 [http-nio-8083-exec-7] INFO  c.e.b.e.user.service.UserAccountImpl 152 - value:{}..............................................................
2019-04-07 11:21:58,541 [http-nio-8083-exec-7] INFO  c.e.b.e.user.service.UserAccountImpl 161 - user:egUser{uid=501, username='MA', password='123456', email='1020854430@qq.com', portrait='http://localhost:8080/static/uploadImages/portrait/14.jpg', createAt='1554607156', extend='null'}
2019-04-07 11:23:48,221 [http-nio-8083-exec-9] INFO  c.e.b.e.user.service.UserAccountImpl 152 - value:{extend=, uid=501, password=123456, portrait=http://localhost:8080/static/uploadImages/portrait/14.jpg, email=1020854430@qq.com, createAt=1554607156, username=MA}..............................................................
2019-04-07 11:25:25,661 [http-nio-8083-exec-3] INFO  c.e.b.e.user.service.UserAccountImpl 80 - 1020854430@qq.com邮件发送成功============================
2019-04-07 11:25:45,171 [http-nio-8083-exec-5] INFO  c.alibaba.druid.pool.DruidDataSource 928 - {dataSource-4} inited
2019-04-07 11:26:48,784 [http-nio-8083-exec-7] INFO  c.e.b.e.user.service.UserAccountImpl 152 - value:{}..............................................................
2019-04-07 11:26:48,792 [http-nio-8083-exec-7] INFO  c.e.b.e.user.service.UserAccountImpl 161 - user:egUser{uid=502, username='MA', password='7c4a8d09ca3762af61e59520943dc26494f8941b', email='1020854430@qq.com', portrait='http://localhost:8080/static/uploadImages/portrait/3.jpg', createAt='1554607545', extend='null'}
2019-04-07 11:27:49,246 [http-nio-8083-exec-9] INFO  c.e.b.e.user.service.UserAccountImpl 152 - value:{extend=, uid=502, password=7c4a8d09ca3762af61e59520943dc26494f8941b, portrait=http://localhost:8080/static/uploadImages/portrait/3.jpg, createAt=1554607545, email=1020854430@qq.com, username=MA}..............................................................
2019-04-07 11:27:57,749 [http-nio-8083-exec-10] INFO  c.e.b.e.user.service.UserAccountImpl 152 - value:{extend=, uid=502, password=7c4a8d09ca3762af61e59520943dc26494f8941b, portrait=http://localhost:8080/static/uploadImages/portrait/3.jpg, createAt=1554607545, email=1020854430@qq.com, username=MA}..............................................................
2019-04-07 11:29:45,404 [http-nio-8083-exec-3] INFO  c.e.b.e.user.service.UserAccountImpl 152 - value:{extend=, uid=502, password=7c4a8d09ca3762af61e59520943dc26494f8941b, portrait=http://localhost:8080/static/uploadImages/portrait/3.jpg, createAt=1554607545, email=1020854430@qq.com, username=MA}..............................................................
2019-04-07 11:31:26,208 [http-nio-8083-exec-2] INFO  c.e.b.e.user.service.UserAccountImpl 152 - value:{extend=, uid=502, password=7c4a8d09ca3762af61e59520943dc26494f8941b, portrait=http://localhost:8080/static/uploadImages/portrait/3.jpg, createAt=1554607545, email=1020854430@qq.com, username=MA}..............................................................
2019-04-07 11:33:24,488 [http-nio-8083-exec-8] INFO  c.e.b.e.user.service.UserAccountImpl 152 - value:{}..............................................................
2019-04-07 11:33:24,513 [http-nio-8083-exec-8] INFO  c.e.b.e.user.service.UserAccountImpl 161 - user:egUser{uid=502, username='MA', password='7c4a8d09ca3762af61e59520943dc26494f8941b', email='1020854430@qq.com', portrait='http://localhost:8080/static/uploadImages/portrait/3.jpg', createAt='1554607545', extend='null'}
2019-04-07 11:34:27,212 [http-nio-8083-exec-9] INFO  c.e.b.e.user.service.UserAccountImpl 152 - value:{extend=, uid=502, password=7c4a8d09ca3762af61e59520943dc26494f8941b, portrait=http://localhost:8080/static/uploadImages/portrait/3.jpg, email=1020854430@qq.com, createAt=1554607545, username=MA}..............................................................
2019-04-07 12:32:16,069 [http-nio-8083-exec-2] INFO  c.e.b.e.user.service.UserAccountImpl 152 - value:{}..............................................................
2019-04-07 12:32:16,240 [http-nio-8083-exec-2] INFO  c.e.b.e.user.service.UserAccountImpl 161 - user:egUser{uid=502, username='MA', password='7c4a8d09ca3762af61e59520943dc26494f8941b', email='1020854430@qq.com', portrait='http://localhost:8080/static/uploadImages/portrait/3.jpg', createAt='1554607545', extend='null'}
2019-04-07 12:33:07,837 [http-nio-8083-exec-7] INFO  c.e.b.e.user.service.UserAccountImpl 152 - value:{extend=, uid=502, password=7c4a8d09ca3762af61e59520943dc26494f8941b, portrait=http://localhost:8080/static/uploadImages/portrait/3.jpg, email=1020854430@qq.com, createAt=1554607545, username=MA}..............................................................
2019-04-07 12:33:14,455 [http-nio-8083-exec-10] INFO  c.e.b.e.user.service.UserAccountImpl 152 - value:{extend=, uid=502, password=7c4a8d09ca3762af61e59520943dc26494f8941b, portrait=http://localhost:8080/static/uploadImages/portrait/3.jpg, email=1020854430@qq.com, createAt=1554607545, username=MA}..............................................................
2019-04-07 12:33:48,977 [http-nio-8083-exec-5] INFO  c.e.b.e.user.service.UserAccountImpl 152 - value:{extend=, uid=502, password=7c4a8d09ca3762af61e59520943dc26494f8941b, portrait=http://localhost:8080/static/uploadImages/portrait/3.jpg, email=1020854430@qq.com, createAt=1554607545, username=MA}..............................................................
2019-04-07 12:34:05,705 [http-nio-8083-exec-8] INFO  c.e.b.e.user.service.UserAccountImpl 152 - value:{extend=, uid=502, password=7c4a8d09ca3762af61e59520943dc26494f8941b, portrait=http://localhost:8080/static/uploadImages/portrait/3.jpg, email=1020854430@qq.com, createAt=1554607545, username=MA}..............................................................
2019-04-07 12:34:07,769 [http-nio-8083-exec-9] INFO  c.e.b.e.user.service.UserAccountImpl 152 - value:{extend=, uid=502, password=7c4a8d09ca3762af61e59520943dc26494f8941b, portrait=http://localhost:8080/static/uploadImages/portrait/3.jpg, email=1020854430@qq.com, createAt=1554607545, username=MA}..............................................................
2019-04-07 12:40:47,941 [http-nio-8083-exec-9] INFO  c.e.b.e.user.service.UserAccountImpl 152 - value:{}..............................................................
2019-04-07 12:40:48,030 [http-nio-8083-exec-9] INFO  c.e.b.e.user.service.UserAccountImpl 161 - user:egUser{uid=502, username='MA', password='7c4a8d09ca3762af61e59520943dc26494f8941b', email='1020854430@qq.com', portrait='http://localhost:8080/static/uploadImages/portrait/3.jpg', createAt='1554607545', extend='null'}
2019-04-07 12:41:41,939 [http-nio-8083-exec-1] INFO  c.e.b.e.user.service.UserAccountImpl 152 - value:{extend=, uid=502, password=7c4a8d09ca3762af61e59520943dc26494f8941b, portrait=http://localhost:8080/static/uploadImages/portrait/3.jpg, email=1020854430@qq.com, createAt=1554607545, username=MA}..............................................................
2019-04-07 12:42:12,858 [http-nio-8083-exec-2] INFO  c.e.b.e.user.service.UserAccountImpl 152 - value:{extend=, uid=502, password=7c4a8d09ca3762af61e59520943dc26494f8941b, portrait=http://localhost:8080/static/uploadImages/portrait/3.jpg, email=1020854430@qq.com, createAt=1554607545, username=MA}..............................................................
2019-04-07 12:42:30,912 [http-nio-8083-exec-7] INFO  c.e.b.e.user.service.UserAccountImpl 152 - value:{extend=, uid=502, password=7c4a8d09ca3762af61e59520943dc26494f8941b, portrait=http://localhost:8080/static/uploadImages/portrait/3.jpg, email=1020854430@qq.com, createAt=1554607545, username=MA}..............................................................
2019-04-07 12:43:27,850 [http-nio-8083-exec-1] INFO  c.e.b.e.user.service.UserAccountImpl 152 - value:{}..............................................................
2019-04-07 12:43:27,920 [http-nio-8083-exec-1] INFO  c.e.b.e.user.service.UserAccountImpl 161 - user:egUser{uid=501, username='MA', password='123456', email='1020854430@qq.com', portrait='http://localhost:8080/static/uploadImages/portrait/14.jpg', createAt='1554607156', extend='null'}
2019-04-07 12:44:06,332 [http-nio-8083-exec-2] INFO  c.e.b.e.user.service.UserAccountImpl 152 - value:{extend=, uid=502, password=7c4a8d09ca3762af61e59520943dc26494f8941b, portrait=http://localhost:8080/static/uploadImages/portrait/3.jpg, email=1020854430@qq.com, createAt=1554607545, username=MA}..............................................................
2019-04-07 12:46:05,986 [http-nio-8083-exec-3] INFO  c.e.b.e.user.service.UserAccountImpl 152 - value:{}..............................................................
2019-04-07 12:46:06,018 [http-nio-8083-exec-3] INFO  c.e.b.e.user.service.UserAccountImpl 161 - user:egUser{uid=502, username='MA', password='7c4a8d09ca3762af61e59520943dc26494f8941b', email='1020854430@qq.com', portrait='http://localhost:8080/static/uploadImages/portrait/3.jpg', createAt='1554607545', extend='null'}
2019-04-07 12:47:35,230 [http-nio-8083-exec-7] INFO  c.e.b.e.user.service.UserAccountImpl 152 - value:{extend=, uid=501, password=123456, portrait=http://localhost:8080/static/uploadImages/portrait/14.jpg, email=1020854430@qq.com, createAt=1554607156, username=MA}..............................................................
2019-04-07 13:00:56,342 [http-nio-8083-exec-4] INFO  c.e.b.e.user.service.UserAccountImpl 152 - value:{}..............................................................
2019-04-07 13:00:56,389 [http-nio-8083-exec-4] INFO  c.e.b.e.user.service.UserAccountImpl 161 - user:egUser{uid=502, username='MA', password='7c4a8d09ca3762af61e59520943dc26494f8941b', email='1020854430@qq.com', portrait='http://localhost:8080/static/uploadImages/portrait/3.jpg', createAt='1554607545', extend='null'}
2019-04-07 13:04:53,687 [http-nio-8083-exec-5] INFO  c.e.b.e.user.service.UserAccountImpl 152 - value:{}..............................................................
2019-04-07 13:04:53,724 [http-nio-8083-exec-5] INFO  c.e.b.e.user.service.UserAccountImpl 161 - user:egUser{uid=501, username='MA', password='123456', email='1020854430@qq.com', portrait='http://localhost:8080/static/uploadImages/portrait/14.jpg', createAt='1554607156', extend='null'}
2019-04-07 13:07:37,268 [http-nio-8083-exec-8] INFO  c.e.b.e.user.service.UserAccountImpl 152 - value:{}..............................................................
2019-04-07 13:07:37,334 [http-nio-8083-exec-8] INFO  c.e.b.e.user.service.UserAccountImpl 161 - user:egUser{uid=502, username='MA', password='7c4a8d09ca3762af61e59520943dc26494f8941b', email='1020854430@qq.com', portrait='http://localhost:8080/static/uploadImages/portrait/3.jpg', createAt='1554607545', extend='null'}
2019-04-07 13:09:24,367 [http-nio-8083-exec-9] INFO  c.e.b.e.user.service.UserAccountImpl 152 - value:{extend=, uid=502, password=7c4a8d09ca3762af61e59520943dc26494f8941b, portrait=http://localhost:8080/static/uploadImages/portrait/3.jpg, createAt=1554607545, email=1020854430@qq.com, username=MA}..............................................................
2019-04-07 13:14:00,685 [http-nio-8083-exec-10] INFO  c.e.b.e.user.service.UserAccountImpl 152 - value:{}..............................................................
2019-04-07 13:14:00,700 [http-nio-8083-exec-10] INFO  c.e.b.e.user.service.UserAccountImpl 161 - user:egUser{uid=502, username='MA', password='7c4a8d09ca3762af61e59520943dc26494f8941b', email='1020854430@qq.com', portrait='http://localhost:8080/static/uploadImages/portrait/3.jpg', createAt='1554607545', extend='null'}
2019-04-07 13:15:28,112 [main] INFO  c.e.b.e.user.EgbootUserApplication 50 - Starting EgbootUserApplication on DESKTOP-6KL1BNP with PID 9152 (I:\IdeaProjects\springboot-everythinggrows\egboot-user\target\classes started by MA in I:\IdeaProjects\springboot-everythinggrows\egboot-user)
2019-04-07 13:15:28,128 [main] INFO  c.e.b.e.user.EgbootUserApplication 675 - No active profile set, falling back to default profiles: default
2019-04-07 13:15:30,544 [main] WARN  o.m.s.mapper.ClassPathMapperScanner 44 - No MyBatis mapper was found in '[cn.everythinggrows.boot.egboot.user]' package. Please check your configuration.
2019-04-07 13:15:30,632 [main] INFO  o.s.d.r.c.RepositoryConfigurationDelegate 244 - Multiple Spring Data modules found, entering strict repository configuration mode!
2019-04-07 13:15:30,632 [main] INFO  o.s.d.r.c.RepositoryConfigurationDelegate 126 - Bootstrapping Spring Data repositories in DEFAULT mode.
2019-04-07 13:15:30,642 [main] INFO  o.s.d.r.c.RepositoryConfigurationDelegate 182 - Finished Spring Data repository scanning in 1ms. Found 0 repository interfaces.
2019-04-07 13:15:30,657 [main] INFO  o.s.d.r.c.RepositoryConfigurationDelegate 244 - Multiple Spring Data modules found, entering strict repository configuration mode!
2019-04-07 13:15:30,657 [main] INFO  o.s.d.r.c.RepositoryConfigurationDelegate 126 - Bootstrapping Spring Data repositories in DEFAULT mode.
2019-04-07 13:15:30,673 [main] INFO  o.s.d.r.c.RepositoryConfigurationDelegate 182 - Finished Spring Data repository scanning in 0ms. Found 0 repository interfaces.
2019-04-07 13:15:31,565 [main] INFO  o.s.c.s.PostProcessorRegistrationDelegate$BeanPostProcessorChecker 330 - Bean 'org.springframework.transaction.annotation.ProxyTransactionManagementConfiguration' of type [org.springframework.transaction.annotation.ProxyTransactionManagementConfiguration$$EnhancerBySpringCGLIB$$d5daf75f] is not eligible for getting processed by all BeanPostProcessors (for example: not eligible for auto-proxying)
2019-04-07 13:15:32,155 [main] INFO  o.s.b.w.e.tomcat.TomcatWebServer 90 - Tomcat initialized with port(s): 8083 (http)
2019-04-07 13:15:32,204 [main] INFO  o.a.coyote.http11.Http11NioProtocol 173 - Initializing ProtocolHandler ["http-nio-8083"]
2019-04-07 13:15:32,219 [main] INFO  o.a.catalina.core.StandardService 173 - Starting service [Tomcat]
2019-04-07 13:15:32,219 [main] INFO  o.a.catalina.core.StandardEngine 173 - Starting Servlet engine: [Apache Tomcat/9.0.16]
2019-04-07 13:15:32,225 [main] INFO  o.a.c.core.AprLifecycleListener 173 - The APR based Apache Tomcat Native library which allows optimal performance in production environments was not found on the java.library.path: [C:\Program Files\Java\jdk1.8.0_161\bin;C:\WINDOWS\Sun\Java\bin;C:\WINDOWS\system32;C:\WINDOWS;D:\software\xshell\;C:\ProgramData\Oracle\Java\javapath;C:\WINDOWS\system32;C:\WINDOWS;C:\WINDOWS\System32\Wbem;C:\WINDOWS\System32\WindowsPowerShell\v1.0\;C:\Program Files\Git\cmd;C:\WINDOWS\System32\OpenSSH\;I:\redis\;I:\zookepper\zookeeper-3.3.6\bin;I:\zookepper\zookeeper-3.3.6\conf;D:\software\edius\EDIUS 9\QTSystem\;C:\Program Files\MySQL\MySQL Server 5.5\bin;C:\Users\MA\AppData\Local\Microsoft\WindowsApps;;.]
2019-04-07 13:15:32,690 [main] INFO  o.a.c.c.C.[Tomcat].[localhost].[/] 173 - Initializing Spring embedded WebApplicationContext
2019-04-07 13:15:32,691 [main] INFO  o.s.web.context.ContextLoader 296 - Root WebApplicationContext: initialization completed in 4469 ms
2019-04-07 13:15:33,536 [main] INFO  c.alibaba.druid.pool.DruidDataSource 928 - {dataSource-1} inited
2019-04-07 13:15:33,872 [main] INFO  o.h.jpa.internal.util.LogHelper 31 - HHH000204: Processing PersistenceUnitInfo [
	name: default
	...]
2019-04-07 13:15:34,075 [main] INFO  org.hibernate.Version 46 - HHH000412: Hibernate Core {5.3.7.Final}
2019-04-07 13:15:34,075 [main] INFO  org.hibernate.cfg.Environment 213 - HHH000206: hibernate.properties not found
2019-04-07 13:15:34,457 [main] INFO  o.h.annotations.common.Version 49 - HCANN000001: Hibernate Commons Annotations {5.0.4.Final}
2019-04-07 13:15:34,854 [main] INFO  org.hibernate.dialect.Dialect 157 - HHH000400: Using dialect: org.hibernate.dialect.MySQL5Dialect
2019-04-07 13:15:35,141 [main] INFO  o.s.o.j.LocalContainerEntityManagerFactoryBean 415 - Initialized JPA EntityManagerFactory for persistence unit 'default'
2019-04-07 13:15:35,733 [main] INFO  o.s.s.c.ThreadPoolTaskExecutor 171 - Initializing ExecutorService 'applicationTaskExecutor'
2019-04-07 13:15:35,779 [main] WARN  o.s.b.a.o.j.JpaBaseConfiguration$JpaWebConfiguration$JpaWebMvcConfiguration 236 - spring.jpa.open-in-view is enabled by default. Therefore, database queries may be performed during view rendering. Explicitly configure spring.jpa.open-in-view to disable this warning
2019-04-07 13:15:36,425 [main] INFO  o.a.coyote.http11.Http11NioProtocol 173 - Starting ProtocolHandler ["http-nio-8083"]
2019-04-07 13:15:36,474 [main] INFO  o.s.b.w.e.tomcat.TomcatWebServer 204 - Tomcat started on port(s): 8083 (http) with context path ''
2019-04-07 13:15:36,478 [main] INFO  c.e.b.e.user.EgbootUserApplication 59 - Started EgbootUserApplication in 9.138 seconds (JVM running for 11.733)
2019-04-07 13:15:40,927 [http-nio-8083-exec-1] INFO  o.a.c.c.C.[Tomcat].[localhost].[/] 173 - Initializing Spring DispatcherServlet 'dispatcherServlet'
2019-04-07 13:15:40,927 [http-nio-8083-exec-1] INFO  o.s.web.servlet.DispatcherServlet 524 - Initializing Servlet 'dispatcherServlet'
2019-04-07 13:15:40,927 [http-nio-8083-exec-1] INFO  o.s.web.servlet.DispatcherServlet 546 - Completed initialization in 0 ms
2019-04-07 13:15:41,195 [http-nio-8083-exec-1] INFO  c.e.b.e.user.service.UserAccountImpl 152 - value:{extend=, uid=502, password=7c4a8d09ca3762af61e59520943dc26494f8941b, portrait=http://localhost:8080/static/uploadImages/portrait/3.jpg, email=1020854430@qq.com, createAt=1554607545, username=MA}..............................................................
2019-04-07 13:16:00,226 [http-nio-8083-exec-2] INFO  c.e.b.e.user.service.UserAccountImpl 152 - value:{extend=, uid=502, password=7c4a8d09ca3762af61e59520943dc26494f8941b, portrait=http://localhost:8080/static/uploadImages/portrait/3.jpg, email=1020854430@qq.com, createAt=1554607545, username=MA}..............................................................
2019-04-07 13:16:07,164 [http-nio-8083-exec-3] INFO  c.e.b.e.user.service.UserAccountImpl 152 - value:{}..............................................................
2019-04-07 13:16:07,223 [http-nio-8083-exec-3] INFO  c.alibaba.druid.pool.DruidDataSource 928 - {dataSource-2} inited
2019-04-07 13:16:07,270 [http-nio-8083-exec-3] INFO  c.e.b.e.user.service.UserAccountImpl 161 - user:egUser{uid=2, username='ma', password='123456', email='1020854430@qq.com', portrait='http://192.168.0.158:8080/static/uploadImages/portrait/portrait', createAt='1554104950', extend='null'}
2019-04-07 13:21:39,988 [http-nio-8083-exec-4] INFO  c.e.b.e.user.service.UserAccountImpl 152 - value:{}..............................................................
2019-04-07 13:21:39,996 [http-nio-8083-exec-4] INFO  c.alibaba.druid.pool.DruidDataSource 928 - {dataSource-3} inited
2019-04-07 13:21:40,002 [http-nio-8083-exec-4] INFO  c.e.b.e.user.service.UserAccountImpl 161 - user:egUser{uid=502, username='MA', password='7c4a8d09ca3762af61e59520943dc26494f8941b', email='1020854430@qq.com', portrait='http://192.168.0.158:8080/static/uploadImages/portrait/3.jpg', createAt='1554607545', extend='null'}
2019-04-07 13:22:06,304 [http-nio-8083-exec-5] INFO  c.e.b.e.user.service.UserAccountImpl 152 - value:{extend=, uid=502, password=7c4a8d09ca3762af61e59520943dc26494f8941b, portrait=http://192.168.0.158:8080/static/uploadImages/portrait/3.jpg, createAt=1554607545, email=1020854430@qq.com, username=MA}..............................................................
2019-04-07 13:23:24,064 [http-nio-8083-exec-8] INFO  c.e.b.e.user.service.UserAccountImpl 80 - yeling0119@163.com邮件发送成功============================
2019-04-07 13:23:51,623 [http-nio-8083-exec-9] INFO  c.alibaba.druid.pool.DruidDataSource 928 - {dataSource-4} inited
2019-04-07 13:25:08,629 [http-nio-8083-exec-10] INFO  c.e.b.e.user.service.UserAccountImpl 152 - value:{}..............................................................
2019-04-07 13:25:08,642 [http-nio-8083-exec-10] INFO  c.e.b.e.user.service.UserAccountImpl 161 - user:egUser{uid=503, username='yeling0119', password='ac1587a55d747e59762ee5d2f49298b7720333aa', email='yeling0119@163.com', portrait='http://192.168.0.158:8080/static/uploadImages/portrait/14.jpg', createAt='1554614631', extend='null'}
2019-04-07 13:25:10,267 [http-nio-8083-exec-3] INFO  c.e.b.e.user.service.UserAccountImpl 152 - value:{extend=, uid=503, password=ac1587a55d747e59762ee5d2f49298b7720333aa, portrait=http://192.168.0.158:8080/static/uploadImages/portrait/14.jpg, email=yeling0119@163.com, createAt=1554614631, username=yeling0119}..............................................................
2019-04-07 13:25:21,084 [http-nio-8083-exec-6] INFO  c.e.b.e.user.service.UserAccountImpl 152 - value:{extend=, uid=503, password=ac1587a55d747e59762ee5d2f49298b7720333aa, portrait=http://192.168.0.158:8080/static/uploadImages/portrait/14.jpg, email=yeling0119@163.com, createAt=1554614631, username=yeling0119}..............................................................
2019-04-07 13:25:38,705 [http-nio-8083-exec-1] INFO  c.e.b.e.user.service.UserAccountImpl 152 - value:{extend=, uid=503, password=ac1587a55d747e59762ee5d2f49298b7720333aa, portrait=http://192.168.0.158:8080/static/uploadImages/portrait/14.jpg, email=yeling0119@163.com, createAt=1554614631, username=yeling0119}..............................................................
2019-04-07 13:26:02,033 [http-nio-8083-exec-6] INFO  c.e.b.e.user.service.UserAccountImpl 152 - value:{extend=, uid=503, password=ac1587a55d747e59762ee5d2f49298b7720333aa, portrait=http://192.168.0.158:8080/static/uploadImages/portrait/14.jpg, email=yeling0119@163.com, createAt=1554614631, username=yeling0119}..............................................................
2019-04-07 13:26:02,097 [http-nio-8083-exec-7] INFO  c.e.b.e.user.service.UserAccountImpl 152 - value:{extend=, uid=503, password=ac1587a55d747e59762ee5d2f49298b7720333aa, portrait=http://192.168.0.158:8080/static/uploadImages/portrait/14.jpg, email=yeling0119@163.com, createAt=1554614631, username=yeling0119}..............................................................
2019-04-07 13:26:02,189 [http-nio-8083-exec-8] INFO  c.e.b.e.user.service.UserAccountImpl 152 - value:{extend=, uid=503, password=ac1587a55d747e59762ee5d2f49298b7720333aa, portrait=http://192.168.0.158:8080/static/uploadImages/portrait/14.jpg, email=yeling0119@163.com, createAt=1554614631, username=yeling0119}..............................................................
2019-04-07 13:26:02,387 [http-nio-8083-exec-9] INFO  c.e.b.e.user.service.UserAccountImpl 152 - value:{extend=, uid=503, password=ac1587a55d747e59762ee5d2f49298b7720333aa, portrait=http://192.168.0.158:8080/static/uploadImages/portrait/14.jpg, email=yeling0119@163.com, createAt=1554614631, username=yeling0119}..............................................................
2019-04-07 13:26:02,636 [http-nio-8083-exec-1] INFO  c.e.b.e.user.service.UserAccountImpl 152 - value:{extend=, uid=503, password=ac1587a55d747e59762ee5d2f49298b7720333aa, portrait=http://192.168.0.158:8080/static/uploadImages/portrait/14.jpg, email=yeling0119@163.com, createAt=1554614631, username=yeling0119}..............................................................
2019-04-07 13:26:37,365 [http-nio-8083-exec-5] INFO  c.e.b.e.user.service.UserAccountImpl 152 - value:{extend=, uid=503, password=ac1587a55d747e59762ee5d2f49298b7720333aa, portrait=http://192.168.0.158:8080/static/uploadImages/portrait/14.jpg, email=yeling0119@163.com, createAt=1554614631, username=yeling0119}..............................................................
2019-04-07 13:26:39,231 [http-nio-8083-exec-8] INFO  c.e.b.e.user.service.UserAccountImpl 152 - value:{extend=, uid=503, password=ac1587a55d747e59762ee5d2f49298b7720333aa, portrait=http://192.168.0.158:8080/static/uploadImages/portrait/14.jpg, email=yeling0119@163.com, createAt=1554614631, username=yeling0119}..............................................................
2019-04-07 13:26:44,352 [http-nio-8083-exec-10] INFO  c.e.b.e.user.service.UserAccountImpl 152 - value:{extend=, uid=503, password=ac1587a55d747e59762ee5d2f49298b7720333aa, portrait=http://192.168.0.158:8080/static/uploadImages/portrait/14.jpg, email=yeling0119@163.com, createAt=1554614631, username=yeling0119}..............................................................
2019-04-07 13:26:49,928 [http-nio-8083-exec-3] INFO  c.e.b.e.user.service.UserAccountImpl 152 - value:{extend=, uid=503, password=ac1587a55d747e59762ee5d2f49298b7720333aa, portrait=http://192.168.0.158:8080/static/uploadImages/portrait/14.jpg, email=yeling0119@163.com, createAt=1554614631, username=yeling0119}..............................................................
2019-04-07 13:26:58,244 [http-nio-8083-exec-5] INFO  c.e.b.e.user.service.UserAccountImpl 152 - value:{extend=, uid=503, password=ac1587a55d747e59762ee5d2f49298b7720333aa, portrait=http://192.168.0.158:8080/static/uploadImages/portrait/14.jpg, email=yeling0119@163.com, createAt=1554614631, username=yeling0119}..............................................................
2019-04-07 13:27:00,164 [http-nio-8083-exec-6] INFO  c.e.b.e.user.service.UserAccountImpl 152 - value:{extend=, uid=503, password=ac1587a55d747e59762ee5d2f49298b7720333aa, portrait=http://192.168.0.158:8080/static/uploadImages/portrait/14.jpg, email=yeling0119@163.com, createAt=1554614631, username=yeling0119}..............................................................
2019-04-07 13:37:13,929 [http-nio-8083-exec-3] INFO  c.e.b.e.user.service.UserAccountImpl 152 - value:{}..............................................................
2019-04-07 13:37:13,944 [http-nio-8083-exec-3] INFO  c.e.b.e.user.service.UserAccountImpl 161 - user:egUser{uid=503, username='yeling0119', password='ac1587a55d747e59762ee5d2f49298b7720333aa', email='yeling0119@163.com', portrait='http://192.168.0.158:8080/static/uploadImages/portrait/14.jpg', createAt='1554614631', extend='null'}
2019-04-07 13:37:35,263 [http-nio-8083-exec-6] INFO  c.e.b.e.user.service.UserAccountImpl 152 - value:{extend=, uid=503, password=ac1587a55d747e59762ee5d2f49298b7720333aa, portrait=http://192.168.0.158:8080/static/uploadImages/portrait/14.jpg, createAt=1554614631, email=yeling0119@163.com, username=yeling0119}..............................................................
2019-04-07 13:38:50,975 [http-nio-8083-exec-6] INFO  c.e.b.e.user.service.UserAccountImpl 152 - value:{extend=, uid=503, password=ac1587a55d747e59762ee5d2f49298b7720333aa, portrait=http://192.168.0.158:8080/static/uploadImages/portrait/14.jpg, createAt=1554614631, email=yeling0119@163.com, username=yeling0119}..............................................................
2019-04-07 13:43:01,076 [http-nio-8083-exec-5] INFO  c.e.b.e.user.service.UserAccountImpl 152 - value:{}..............................................................
2019-04-07 13:43:01,084 [http-nio-8083-exec-5] INFO  c.e.b.e.user.service.UserAccountImpl 161 - user:egUser{uid=502, username='MA', password='7c4a8d09ca3762af61e59520943dc26494f8941b', email='1020854430@qq.com', portrait='http://192.168.0.158:8080/static/uploadImages/portrait/3.jpg', createAt='1554607545', extend='null'}
2019-04-07 17:30:38,567 [http-nio-8083-exec-9] INFO  c.e.b.e.user.service.UserAccountImpl 152 - value:{}..............................................................
2019-04-07 17:30:38,638 [http-nio-8083-exec-9] INFO  c.e.b.e.user.service.UserAccountImpl 161 - user:egUser{uid=502, username='MA', password='7c4a8d09ca3762af61e59520943dc26494f8941b', email='1020854430@qq.com', portrait='http://192.168.0.158:8080/static/uploadImages/portrait/3.jpg', createAt='1554607545', extend='null'}
2019-04-07 17:32:58,073 [http-nio-8083-exec-3] INFO  c.e.b.e.user.service.UserAccountImpl 152 - value:{extend=, uid=502, password=7c4a8d09ca3762af61e59520943dc26494f8941b, portrait=http://192.168.0.158:8080/static/uploadImages/portrait/3.jpg, createAt=1554607545, email=1020854430@qq.com, username=MA}..............................................................
2019-04-07 18:13:03,191 [http-nio-8083-exec-8] INFO  c.e.b.e.user.service.UserAccountImpl 152 - value:{}..............................................................
2019-04-07 18:13:03,257 [http-nio-8083-exec-8] INFO  c.e.b.e.user.service.UserAccountImpl 161 - user:egUser{uid=502, username='MA', password='7c4a8d09ca3762af61e59520943dc26494f8941b', email='1020854430@qq.com', portrait='http://192.168.0.158:8080/static/uploadImages/portrait/3.jpg', createAt='1554607545', extend='null'}
2019-04-07 18:19:06,660 [http-nio-8083-exec-3] INFO  c.e.b.e.user.service.UserAccountImpl 152 - value:{}..............................................................
2019-04-07 18:19:06,838 [http-nio-8083-exec-3] INFO  c.e.b.e.user.service.UserAccountImpl 161 - user:egUser{uid=502, username='MA', password='7c4a8d09ca3762af61e59520943dc26494f8941b', email='1020854430@qq.com', portrait='http://192.168.0.158:8080/static/uploadImages/portrait/3.jpg', createAt='1554607545', extend='null'}
2019-04-07 18:24:29,820 [http-nio-8083-exec-10] INFO  c.e.b.e.user.service.UserAccountImpl 152 - value:{}..............................................................
2019-04-07 18:24:29,835 [http-nio-8083-exec-10] INFO  c.e.b.e.user.service.UserAccountImpl 161 - user:egUser{uid=502, username='MA', password='7c4a8d09ca3762af61e59520943dc26494f8941b', email='1020854430@qq.com', portrait='http://192.168.0.158:8080/static/uploadImages/portrait/3.jpg', createAt='1554607545', extend='null'}
2019-04-07 18:28:57,010 [http-nio-8083-exec-6] INFO  c.e.b.e.user.service.UserAccountImpl 152 - value:{extend=, uid=502, password=7c4a8d09ca3762af61e59520943dc26494f8941b, portrait=http://192.168.0.158:8080/static/uploadImages/portrait/3.jpg, createAt=1554607545, email=1020854430@qq.com, username=MA}..............................................................
2019-04-07 18:48:11,148 [http-nio-8083-exec-8] INFO  c.e.b.e.user.service.UserAccountImpl 152 - value:{}..............................................................
2019-04-07 18:48:11,249 [http-nio-8083-exec-8] INFO  c.e.b.e.user.service.UserAccountImpl 161 - user:egUser{uid=502, username='MA', password='7c4a8d09ca3762af61e59520943dc26494f8941b', email='1020854430@qq.com', portrait='http://192.168.0.158:8080/static/uploadImages/portrait/3.jpg', createAt='1554607545', extend='null'}
2019-04-07 18:48:41,289 [http-nio-8083-exec-1] INFO  c.e.b.e.user.service.UserAccountImpl 152 - value:{extend=, uid=502, password=7c4a8d09ca3762af61e59520943dc26494f8941b, portrait=http://192.168.0.158:8080/static/uploadImages/portrait/3.jpg, email=1020854430@qq.com, createAt=1554607545, username=MA}..............................................................
2019-04-07 19:13:03,035 [http-nio-8083-exec-9] INFO  c.e.b.e.user.service.UserAccountImpl 152 - value:{}..............................................................
2019-04-07 19:13:03,165 [http-nio-8083-exec-9] INFO  c.e.b.e.user.service.UserAccountImpl 161 - user:egUser{uid=503, username='yeling0119', password='ac1587a55d747e59762ee5d2f49298b7720333aa', email='yeling0119@163.com', portrait='http://192.168.0.158:8080/static/uploadImages/portrait/14.jpg', createAt='1554614631', extend='null'}
2019-04-07 19:13:14,428 [http-nio-8083-exec-10] INFO  c.e.b.e.user.service.UserAccountImpl 152 - value:{}..............................................................
2019-04-07 19:13:14,489 [http-nio-8083-exec-10] INFO  c.e.b.e.user.service.UserAccountImpl 161 - user:egUser{uid=502, username='MA', password='7c4a8d09ca3762af61e59520943dc26494f8941b', email='1020854430@qq.com', portrait='http://192.168.0.158:8080/static/uploadImages/portrait/3.jpg', createAt='1554607545', extend='null'}
