2019-04-25 14:34:48,793 [main] INFO  c.e.b.e.user.EgbootUserApplication 50 - Starting EgbootUserApplication on DESKTOP-6KL1BNP with PID 5792 (I:\IdeaProjects\springboot-everythinggrows\egboot-user\target\classes started by MA in I:\IdeaProjects\springboot-everythinggrows\egboot-user)
2019-04-25 14:34:48,809 [main] INFO  c.e.b.e.user.EgbootUserApplication 675 - No active profile set, falling back to default profiles: default
2019-04-25 14:35:01,989 [main] WARN  o.m.s.mapper.ClassPathMapperScanner 44 - No MyBatis mapper was found in '[cn.everythinggrows.boot.egboot.user]' package. Please check your configuration.
2019-04-25 14:35:02,657 [main] INFO  o.s.d.r.c.RepositoryConfigurationDelegate 244 - Multiple Spring Data modules found, entering strict repository configuration mode!
2019-04-25 14:35:02,658 [main] INFO  o.s.d.r.c.RepositoryConfigurationDelegate 126 - Bootstrapping Spring Data repositories in DEFAULT mode.
2019-04-25 14:35:02,962 [main] INFO  o.s.d.r.c.RepositoryConfigurationDelegate 182 - Finished Spring Data repository scanning in 235ms. Found 0 repository interfaces.
2019-04-25 14:35:03,415 [main] INFO  o.s.d.r.c.RepositoryConfigurationDelegate 244 - Multiple Spring Data modules found, entering strict repository configuration mode!
2019-04-25 14:35:03,448 [main] INFO  o.s.d.r.c.RepositoryConfigurationDelegate 126 - Bootstrapping Spring Data repositories in DEFAULT mode.
2019-04-25 14:35:03,722 [main] INFO  o.s.d.r.c.RepositoryConfigurationDelegate 182 - Finished Spring Data repository scanning in 11ms. Found 0 repository interfaces.
2019-04-25 14:35:05,265 [main] INFO  o.s.c.s.PostProcessorRegistrationDelegate$BeanPostProcessorChecker 330 - Bean 'org.springframework.transaction.annotation.ProxyTransactionManagementConfiguration' of type [org.springframework.transaction.annotation.ProxyTransactionManagementConfiguration$$EnhancerBySpringCGLIB$$6626269f] is not eligible for getting processed by all BeanPostProcessors (for example: not eligible for auto-proxying)
2019-04-25 14:35:07,684 [main] INFO  o.s.b.w.e.tomcat.TomcatWebServer 90 - Tomcat initialized with port(s): 8083 (http)
2019-04-25 14:35:07,746 [main] INFO  o.a.coyote.http11.Http11NioProtocol 173 - Initializing ProtocolHandler ["http-nio-8083"]
2019-04-25 14:35:07,783 [main] INFO  o.a.catalina.core.StandardService 173 - Starting service [Tomcat]
2019-04-25 14:35:07,784 [main] INFO  o.a.catalina.core.StandardEngine 173 - Starting Servlet engine: [Apache Tomcat/9.0.16]
2019-04-25 14:35:07,822 [main] INFO  o.a.c.core.AprLifecycleListener 173 - The APR based Apache Tomcat Native library which allows optimal performance in production environments was not found on the java.library.path: [C:\Program Files\Java\jdk1.8.0_161\bin;C:\WINDOWS\Sun\Java\bin;C:\WINDOWS\system32;C:\WINDOWS;D:\software\xshell\;C:\ProgramData\Oracle\Java\javapath;C:\WINDOWS\system32;C:\WINDOWS;C:\WINDOWS\System32\Wbem;C:\WINDOWS\System32\WindowsPowerShell\v1.0\;C:\Program Files\Git\cmd;C:\WINDOWS\System32\OpenSSH\;I:\redis\;I:\zookepper\zookeeper-3.3.6\bin;I:\zookepper\zookeeper-3.3.6\conf;D:\software\edius\EDIUS 9\QTSystem\;C:\Program Files\MySQL\MySQL Server 5.5\bin;C:\Users\MA\AppData\Local\Programs\Python\Python37\bin;C:\Users\MA\AppData\Local\Programs\Python\Python37\Scripts\;C:\Users\MA\AppData\Local\Programs\Python\Python37\;C:\Users\MA\AppData\Local\Microsoft\WindowsApps;D:\software\pycharm\PyCharm Community Edition 2019.1.1\bin;;C:\phantomjs-2.1.1-windows\bin;;.]
2019-04-25 14:35:09,039 [main] INFO  o.a.c.c.C.[Tomcat].[localhost].[/] 173 - Initializing Spring embedded WebApplicationContext
2019-04-25 14:35:09,040 [main] INFO  o.s.web.context.ContextLoader 296 - Root WebApplicationContext: initialization completed in 19578 ms
2019-04-25 14:35:10,624 [main] INFO  c.alibaba.druid.pool.DruidDataSource 928 - {dataSource-1} inited
2019-04-25 14:35:11,261 [main] INFO  o.h.jpa.internal.util.LogHelper 31 - HHH000204: Processing PersistenceUnitInfo [
	name: default
	...]
2019-04-25 14:35:12,003 [main] INFO  org.hibernate.Version 46 - HHH000412: Hibernate Core {5.3.7.Final}
2019-04-25 14:35:12,005 [main] INFO  org.hibernate.cfg.Environment 213 - HHH000206: hibernate.properties not found
2019-04-25 14:35:13,360 [main] INFO  o.h.annotations.common.Version 49 - HCANN000001: Hibernate Commons Annotations {5.0.4.Final}
2019-04-25 14:35:13,858 [main] INFO  org.hibernate.dialect.Dialect 157 - HHH000400: Using dialect: org.hibernate.dialect.MySQL5Dialect
2019-04-25 14:35:14,873 [main] INFO  o.s.o.j.LocalContainerEntityManagerFactoryBean 415 - Initialized JPA EntityManagerFactory for persistence unit 'default'
2019-04-25 14:35:17,453 [main] INFO  o.s.s.c.ThreadPoolTaskExecutor 171 - Initializing ExecutorService 'applicationTaskExecutor'
2019-04-25 14:35:17,574 [main] WARN  o.s.b.a.o.j.JpaBaseConfiguration$JpaWebConfiguration$JpaWebMvcConfiguration 236 - spring.jpa.open-in-view is enabled by default. Therefore, database queries may be performed during view rendering. Explicitly configure spring.jpa.open-in-view to disable this warning
2019-04-25 14:35:19,550 [main] INFO  o.a.coyote.http11.Http11NioProtocol 173 - Starting ProtocolHandler ["http-nio-8083"]
2019-04-25 14:35:19,582 [main] INFO  o.s.b.w.e.tomcat.TomcatWebServer 204 - Tomcat started on port(s): 8083 (http) with context path ''
2019-04-25 14:35:19,586 [main] INFO  c.e.b.e.user.EgbootUserApplication 59 - Started EgbootUserApplication in 34.805 seconds (JVM running for 47.253)
